* installing *source* package ‘mosumvar’ ...
** using staged installation
** libs
g++ -std=gnu++11 -I"/usr/share/R/include" -DNDEBUG  -I'/home/do16317/R/x86_64-pc-linux-gnu-library/4.0/Rcpp/include' -I'/home/do16317/R/x86_64-pc-linux-gnu-library/4.0/RcppArmadillo/include'   -fopenmp  -fpic  -g -O2 -fdebug-prefix-map=/build/r-base-7BvS0x/r-base-4.0.3=. -fstack-protector-strong -Wformat -Werror=format-security -Wdate-time -D_FORTIFY_SOURCE=2 -g  -c RcppExports.cpp -o RcppExports.o
g++ -std=gnu++11 -I"/usr/share/R/include" -DNDEBUG  -I'/home/do16317/R/x86_64-pc-linux-gnu-library/4.0/Rcpp/include' -I'/home/do16317/R/x86_64-pc-linux-gnu-library/4.0/RcppArmadillo/include'   -fopenmp  -fpic  -g -O2 -fdebug-prefix-map=/build/r-base-7BvS0x/r-base-4.0.3=. -fstack-protector-strong -Wformat -Werror=format-security -Wdate-time -D_FORTIFY_SOURCE=2 -g  -c Score_Rcpp.cpp -o Score_Rcpp.o
g++ -std=gnu++11 -I"/usr/share/R/include" -DNDEBUG  -I'/home/do16317/R/x86_64-pc-linux-gnu-library/4.0/Rcpp/include' -I'/home/do16317/R/x86_64-pc-linux-gnu-library/4.0/RcppArmadillo/include'   -fopenmp  -fpic  -g -O2 -fdebug-prefix-map=/build/r-base-7BvS0x/r-base-4.0.3=. -fstack-protector-strong -Wformat -Werror=format-security -Wdate-time -D_FORTIFY_SOURCE=2 -g  -c VAR_sim.cpp -o VAR_sim.o
g++ -std=gnu++11 -I"/usr/share/R/include" -DNDEBUG  -I'/home/do16317/R/x86_64-pc-linux-gnu-library/4.0/Rcpp/include' -I'/home/do16317/R/x86_64-pc-linux-gnu-library/4.0/RcppArmadillo/include'   -fopenmp  -fpic  -g -O2 -fdebug-prefix-map=/build/r-base-7BvS0x/r-base-4.0.3=. -fstack-protector-strong -Wformat -Werror=format-security -Wdate-time -D_FORTIFY_SOURCE=2 -g  -c Wald_RcppParallel.cpp -o Wald_RcppParallel.o
g++ -std=gnu++11 -shared -L/usr/lib/R/lib -Wl,-Bsymbolic-functions -Wl,-z,relro -o mosumvar.so RcppExports.o Score_Rcpp.o VAR_sim.o Wald_RcppParallel.o -fopenmp -llapack -lblas -lgfortran -lm -lquadmath -L/usr/lib/R/lib -lR
installing to /home/do16317/Documents/Changepoints/mosumvar.Rcheck/00LOCK-mosumvar/00new/mosumvar/libs
** R
** data
** byte-compile and prepare package for lazy loading
** help
*** installing help indices
** building package indices
** testing if installed package can be loaded from temporary location
** checking absolute paths in shared objects and dynamic libraries
** testing if installed package can be loaded from final location
** testing if installed package keeps a record of temporary installation path
* DONE (mosumvar)
